<?xml version="1.0" encoding="UTF-8"?>
<robot generator="Robot 5.0.1 (Python 3.10.5 on win32)" generated="20220722 22:31:40.002" rpa="false" schemaversion="3">
<suite id="s1" name="Robot Test" source="C:\Users\USER\Desktop\robot_test\robot_test.robot">
<test id="s1-t1" name="Search" line="11">
<kw name="Open Chrome Browser">
<kw name="Open Browser" library="Selenium2Library">
<arg>${url}</arg>
<arg>${browser}</arg>
<doc>Opens a new browser instance to the optional ``url``.</doc>
<msg timestamp="20220722 22:31:40.151" level="INFO">Opening browser 'chrome' to base url 'https://www.google.co.th/'.</msg>
<status status="PASS" starttime="20220722 22:31:40.151" endtime="20220722 22:31:42.274"/>
</kw>
<kw name="Maximize Browser Window" library="Selenium2Library">
<doc>Maximizes current browser window.</doc>
<status status="PASS" starttime="20220722 22:31:42.274" endtime="20220722 22:31:42.387"/>
</kw>
<status status="PASS" starttime="20220722 22:31:40.150" endtime="20220722 22:31:42.387"/>
</kw>
<kw name="Search By Keywords">
<kw name="Input Text" library="Selenium2Library">
<arg>name=q</arg>
<arg>${keywords_search}</arg>
<doc>Types the given ``text`` into the text field identified by ``locator``.</doc>
<msg timestamp="20220722 22:31:42.388" level="INFO">Typing text 'Robot Framework' into text field 'name=q'.</msg>
<status status="PASS" starttime="20220722 22:31:42.387" endtime="20220722 22:31:42.477"/>
</kw>
<kw name="Submit Form" library="Selenium2Library">
<doc>Submits a form identified by ``locator``.</doc>
<msg timestamp="20220722 22:31:42.477" level="INFO">Submitting form 'None'.</msg>
<status status="PASS" starttime="20220722 22:31:42.477" endtime="20220722 22:31:43.491"/>
</kw>
<status status="PASS" starttime="20220722 22:31:42.387" endtime="20220722 22:31:43.491"/>
</kw>
<kw name="Result">
<kw name="Click Element" library="Selenium2Library">
<arg>//h3[@class="LC20lb MBeuO DKV0Md"]</arg>
<doc>Click the element identified by ``locator``.</doc>
<msg timestamp="20220722 22:31:43.492" level="INFO">Clicking element '//h3[@class="LC20lb MBeuO DKV0Md"]'.</msg>
<status status="PASS" starttime="20220722 22:31:43.491" endtime="20220722 22:31:44.934"/>
</kw>
<status status="PASS" starttime="20220722 22:31:43.491" endtime="20220722 22:31:44.934"/>
</kw>
<status status="PASS" starttime="20220722 22:31:40.150" endtime="20220722 22:31:44.935"/>
</test>
<status status="PASS" starttime="20220722 22:31:40.004" endtime="20220722 22:31:44.935"/>
</suite>
<statistics>
<total>
<stat pass="1" fail="0" skip="0">All Tests</stat>
</total>
<tag>
</tag>
<suite>
<stat pass="1" fail="0" skip="0" id="s1" name="Robot Test">Robot Test</stat>
</suite>
</statistics>
<errors>
</errors>
</robot>
